#
# There is insufficient memory for the Java Runtime Environment to continue.
# Native memory allocation (malloc) failed to allocate 37136 bytes for Chunk::new
# Possible reasons:
#   The system is out of physical RAM or swap space
#   In 32 bit mode, the process size limit was hit
# Possible solutions:
#   Reduce memory load on the system
#   Increase physical memory or swap space
#   Check if swap backing store is full
#   Use 64 bit Java on a 64 bit OS
#   Decrease Java heap size (-Xmx/-Xms)
#   Decrease number of Java threads
#   Decrease Java thread stack sizes (-Xss)
#   Set larger code cache with -XX:ReservedCodeCacheSize=
# This output file may be truncated or incomplete.
#
#  Out of Memory Error (allocation.cpp:390), pid=8100, tid=0x0000000000003164
#
# JRE version: Java(TM) SE Runtime Environment (8.0_171-b11) (build 1.8.0_171-b11)
# Java VM: Java HotSpot(TM) 64-Bit Server VM (25.171-b11 mixed mode windows-amd64 compressed oops)
# Failed to write core dump. Minidumps are not enabled by default on client versions of Windows
#

---------------  T H R E A D  ---------------

Current thread (0x0000000002cbe000):  JavaThread "main" [_thread_in_native, id=12644, stack(0x0000000002b70000,0x0000000002c70000)]

Stack: [0x0000000002b70000,0x0000000002c70000]
[error occurred during error reporting (printing stack bounds), id 0xc0000005]

Native frames: (J=compiled Java code, j=interpreted, Vv=VM code, C=native code)

Java frames: (J=compiled Java code, j=interpreted, Vv=VM code)
j  java.lang.ClassLoader.findBootstrapClass(Ljava/lang/String;)Ljava/lang/Class;+0
j  java.lang.ClassLoader.findBootstrapClassOrNull(Ljava/lang/String;)Ljava/lang/Class;+12
j  java.lang.ClassLoader.loadClass(Ljava/lang/String;Z)Ljava/lang/Class;+48
j  java.lang.ClassLoader.loadClass(Ljava/lang/String;Z)Ljava/lang/Class;+38
j  sun.misc.Launcher$AppClassLoader.loadClass(Ljava/lang/String;Z)Ljava/lang/Class;+81
j  java.lang.ClassLoader.loadClass(Ljava/lang/String;)Ljava/lang/Class;+3
v  ~StubRoutines::call_stub
j  java.lang.ClassLoader.defineClass1(Ljava/lang/String;[BIILjava/security/ProtectionDomain;Ljava/lang/String;)Ljava/lang/Class;+0
j  java.lang.ClassLoader.defineClass(Ljava/lang/String;[BIILjava/security/ProtectionDomain;)Ljava/lang/Class;+27
j  java.security.SecureClassLoader.defineClass(Ljava/lang/String;[BIILjava/security/CodeSource;)Ljava/lang/Class;+12
j  java.net.URLClassLoader.defineClass(Ljava/lang/String;Lsun/misc/Resource;)Ljava/lang/Class;+138
j  java.net.URLClassLoader.access$100(Ljava/net/URLClassLoader;Ljava/lang/String;Lsun/misc/Resource;)Ljava/lang/Class;+3
j  java.net.URLClassLoader$1.run()Ljava/lang/Class;+43
j  java.net.URLClassLoader$1.run()Ljava/lang/Object;+1
v  ~StubRoutines::call_stub
j  java.security.AccessController.doPrivileged(Ljava/security/PrivilegedExceptionAction;Ljava/security/AccessControlContext;)Ljava/lang/Object;+0
j  java.net.URLClassLoader.findClass(Ljava/lang/String;)Ljava/lang/Class;+13
j  java.lang.ClassLoader.loadClass(Ljava/lang/String;Z)Ljava/lang/Class;+70
j  sun.misc.Launcher$AppClassLoader.loadClass(Ljava/lang/String;Z)Ljava/lang/Class;+81
j  java.lang.ClassLoader.loadClass(Ljava/lang/String;)Ljava/lang/Class;+3
j  sun.launcher.LauncherHelper.checkAndLoadMain(ZILjava/lang/String;)Ljava/lang/Class;+93
v  ~StubRoutines::call_stub

---------------  P R O C E S S  ---------------

Java Threads: ( => current thread )
  0x0000000019cd0800 JavaThread "Service Thread" daemon [_thread_blocked, id=16456, stack(0x000000001a800000,0x000000001a900000)]
  0x0000000019c55000 JavaThread "C1 CompilerThread3" daemon [_thread_blocked, id=16452, stack(0x000000001a700000,0x000000001a800000)]
  0x0000000019c4e800 JavaThread "C2 CompilerThread2" daemon [_thread_blocked, id=16448, stack(0x000000001a600000,0x000000001a700000)]
  0x0000000019c40000 JavaThread "C2 CompilerThread1" daemon [_thread_blocked, id=16444, stack(0x000000001a500000,0x000000001a600000)]
  0x0000000019c3c800 JavaThread "C2 CompilerThread0" daemon [_thread_blocked, id=16440, stack(0x000000001a400000,0x000000001a500000)]
  0x0000000019c37800 JavaThread "Attach Listener" daemon [_thread_blocked, id=16436, stack(0x000000001a300000,0x000000001a400000)]
  0x0000000019c36000 JavaThread "Signal Dispatcher" daemon [_thread_blocked, id=16432, stack(0x000000001a200000,0x000000001a300000)]
  0x0000000017d4e800 JavaThread "Finalizer" daemon [_thread_blocked, id=16428, stack(0x000000001a010000,0x000000001a110000)]
  0x0000000017d4d800 JavaThread "Reference Handler" daemon [_thread_blocked, id=16424, stack(0x0000000019b10000,0x0000000019c10000)]
=>0x0000000002cbe000 JavaThread "main" [_thread_in_native, id=12644, stack(0x0000000002b70000,0x0000000002c70000)]

Other Threads:
  0x0000000017d49000 VMThread [stack: 0x0000000019a10000,0x0000000019b10000] [id=16420]
  0x0000000019cfa800 WatcherThread [stack: 0x000000001a900000,0x000000001aa00000] [id=16460]

VM state:not at safepoint (normal execution)

VM Mutex/Monitor currently owned by a thread: None

Heap:
 PSYoungGen      total 38400K, used 1331K [0x00000000d5e00000, 0x00000000d8880000, 0x0000000100000000)
  eden space 33280K, 4% used [0x00000000d5e00000,0x00000000d5f4cce8,0x00000000d7e80000)
  from space 5120K, 0% used [0x00000000d8380000,0x00000000d8380000,0x00000000d8880000)
  to   space 5120K, 0% used [0x00000000d7e80000,0x00000000d7e80000,0x00000000d8380000)
 ParOldGen       total 87552K, used 0K [0x0000000081a00000, 0x0000000086f80000, 0x00000000d5e00000)
  object space 87552K, 0% used [0x0000000081a00000,0x0000000081a00000,0x0000000086f80000)
 Metaspace       used 2595K, capacity 4484K, committed 4736K, reserved 1060864K
  class space    used 286K, capacity 384K, committed 384K, reserved 1048576K

Card table byte_map: [0x0000000012180000,0x0000000012580000] byte_map_base: 0x0000000011d73000

Marking Bits: (ParMarkBitMap*) 0x0000000067f608c0
 Begin Bits: [0x0000000013030000, 0x0000000014fc8000)
 End Bits:   [0x0000000014fc8000, 0x0000000016f60000)

Polling page: 0x0000000001140000

CodeCache: size=245760Kb used=1123Kb max_used=1123Kb free=244636Kb
 bounds [0x0000000002dc0000, 0x0000000003030000, 0x0000000011dc0000]
 total_blobs=263 nmethods=33 adapters=144
 compilation: enabled

Compilation events (10 events):
Event: 0.073 Thread 0x0000000019c55000   28       3       java.lang.StringBuilder::append (8 bytes)
Event: 0.073 Thread 0x0000000019c55000 nmethod 28 0x0000000002ed45d0 code [0x0000000002ed4740, 0x0000000002ed48c8]
Event: 0.073 Thread 0x0000000019c55000   29       3       java.lang.AbstractStringBuilder::<init> (12 bytes)
Event: 0.073 Thread 0x0000000019c55000 nmethod 29 0x0000000002ed4150 code [0x0000000002ed42c0, 0x0000000002ed4510]
Event: 0.073 Thread 0x0000000019c55000   31       1       java.nio.Buffer::position (5 bytes)
Event: 0.073 Thread 0x0000000019c55000 nmethod 31 0x0000000002ed8550 code [0x0000000002ed86a0, 0x0000000002ed87b0]
Event: 0.073 Thread 0x0000000019c55000   33       3       java.lang.String::startsWith (72 bytes)
Event: 0.073 Thread 0x0000000019c55000 nmethod 33 0x0000000002ed8810 code [0x0000000002ed8980, 0x0000000002ed8cb0]
Event: 0.073 Thread 0x0000000019c55000   32       1       java.net.URL::getProtocol (5 bytes)
Event: 0.073 Thread 0x0000000019c55000 nmethod 32 0x0000000002ed8e90 code [0x0000000002ed8fe0, 0x0000000002ed90f0]

GC Heap History (0 events):
No events

Deoptimization events (0 events):
No events

Classes redefined (0 events):
No events

Internal exceptions (2 events):
Event: 0.027 Thread 0x0000000002cbe000 Exception <a 'java/lang/NoSuchMethodError': Method sun.misc.Unsafe.defineClass(Ljava/lang/String;[BII)Ljava/lang/Class; name or signature does not match> (0x00000000d5e07cb0) thrown at [C:\re\workspace\8-2-build-windows-amd64-cygwin\jdk8u171\10807\hotspot
Event: 0.027 Thread 0x0000000002cbe000 Exception <a 'java/lang/NoSuchMethodError': Method sun.misc.Unsafe.prefetchRead(Ljava/lang/Object;J)V name or signature does not match> (0x00000000d5e07f98) thrown at [C:\re\workspace\8-2-build-windows-amd64-cygwin\jdk8u171\10807\hotspot\src\share\vm\prim

Events (10 events):
Event: 0.076 loading class javax/accessibility/Accessible
Event: 0.076 loading class javax/accessibility/Accessible done
Event: 0.076 loading class javax/swing/RootPaneContainer
Event: 0.076 loading class javax/swing/RootPaneContainer done
Event: 0.076 loading class javax/swing/TransferHandler$HasGetTransferHandler
Event: 0.076 loading class javax/swing/TransferHandler$HasGetTransferHandler done
Event: 0.076 loading class java/awt/Frame
Event: 0.076 loading class java/awt/MenuContainer
Event: 0.076 loading class java/awt/MenuContainer done
Event: 0.076 loading class java/awt/Window


Dynamic libraries:
0x00007ff6987a0000 - 0x00007ff6987d7000 	C:\Program Files\Java\jre1.8.0_171\bin\javaw.exe
0x00007fff0c4f0000 - 0x00007fff0c6d1000 	C:\WINDOWS\SYSTEM32\ntdll.dll
0x00007ffef86d0000 - 0x00007ffef8704000 	C:\Program Files\AVAST Software\Avast\x64\aswhooka.dll
0x00007fff09a30000 - 0x00007fff09ae2000 	C:\WINDOWS\System32\KERNEL32.DLL
0x00007fff093c0000 - 0x00007fff09633000 	C:\WINDOWS\System32\KERNELBASE.dll
0x00007fff09f70000 - 0x00007fff0a011000 	C:\WINDOWS\System32\ADVAPI32.dll
0x00007fff0c0d0000 - 0x00007fff0c16e000 	C:\WINDOWS\System32\msvcrt.dll
0x00007fff0b500000 - 0x00007fff0b55b000 	C:\WINDOWS\System32\sechost.dll
0x00007fff0c1e0000 - 0x00007fff0c304000 	C:\WINDOWS\System32\RPCRT4.dll
0x00007fff0c330000 - 0x00007fff0c4c0000 	C:\WINDOWS\System32\USER32.dll
0x00007fff09960000 - 0x00007fff09980000 	C:\WINDOWS\System32\win32u.dll
0x00007fff0b760000 - 0x00007fff0b788000 	C:\WINDOWS\System32\GDI32.dll
0x00007fff09030000 - 0x00007fff091c2000 	C:\WINDOWS\System32\gdi32full.dll
0x00007fff09810000 - 0x00007fff098af000 	C:\WINDOWS\System32\msvcp_win.dll
0x00007fff09640000 - 0x00007fff0973a000 	C:\WINDOWS\System32\ucrtbase.dll
0x00007ffeebb40000 - 0x00007ffeebda9000 	C:\WINDOWS\WinSxS\amd64_microsoft.windows.common-controls_6595b64144ccf1df_6.0.17134.165_none_fb429645306569ac\COMCTL32.dll
0x00007fff09c40000 - 0x00007fff09f63000 	C:\WINDOWS\System32\combase.dll
0x00007fff09740000 - 0x00007fff097ba000 	C:\WINDOWS\System32\bcryptPrimitives.dll
0x00007fff09980000 - 0x00007fff099ad000 	C:\WINDOWS\System32\IMM32.DLL
0x0000000069680000 - 0x0000000069752000 	C:\Program Files\Java\jre1.8.0_171\bin\msvcr100.dll
0x0000000067740000 - 0x0000000067fe0000 	C:\Program Files\Java\jre1.8.0_171\bin\server\jvm.dll
0x00007fff09bc0000 - 0x00007fff09bc8000 	C:\WINDOWS\System32\PSAPI.DLL
0x00007fff04550000 - 0x00007fff04559000 	C:\WINDOWS\SYSTEM32\WSOCK32.dll
0x00007fff09bd0000 - 0x00007fff09c3c000 	C:\WINDOWS\System32\WS2_32.dll
0x00007ffeff9f0000 - 0x00007ffeffa13000 	C:\WINDOWS\SYSTEM32\WINMM.dll
0x00007fff039b0000 - 0x00007fff039ba000 	C:\WINDOWS\SYSTEM32\VERSION.dll
0x00007ffeff9c0000 - 0x00007ffeff9ea000 	C:\WINDOWS\SYSTEM32\WINMMBASE.dll
0x00007fff097c0000 - 0x00007fff09809000 	C:\WINDOWS\System32\cfgmgr32.dll
0x000000006ad80000 - 0x000000006ad8f000 	C:\Program Files\Java\jre1.8.0_171\bin\verify.dll
0x0000000068780000 - 0x00000000687a9000 	C:\Program Files\Java\jre1.8.0_171\bin\java.dll
0x0000000068760000 - 0x0000000068776000 	C:\Program Files\Java\jre1.8.0_171\bin\zip.dll
0x00007fff0a020000 - 0x00007fff0b460000 	C:\WINDOWS\System32\SHELL32.dll
0x00007fff0bbd0000 - 0x00007fff0bc79000 	C:\WINDOWS\System32\shcore.dll
0x00007fff08920000 - 0x00007fff0902d000 	C:\WINDOWS\System32\windows.storage.dll
0x00007fff0b700000 - 0x00007fff0b751000 	C:\WINDOWS\System32\shlwapi.dll
0x00007fff08880000 - 0x00007fff08891000 	C:\WINDOWS\System32\kernel.appcore.dll
0x00007fff08860000 - 0x00007fff0887f000 	C:\WINDOWS\System32\profapi.dll
0x00007fff08800000 - 0x00007fff0884c000 	C:\WINDOWS\System32\powrprof.dll
0x00007fff08850000 - 0x00007fff0885a000 	C:\WINDOWS\System32\FLTLIB.DLL

VM Arguments:
jvm_args: -Dfile.encoding=Cp1252 
java_command: bai1.StudentsManager
java_class_path (initial): C:\Program Files\Java\jre1.8.0_171\lib\resources.jar;C:\Program Files\Java\jre1.8.0_171\lib\rt.jar;C:\Program Files\Java\jre1.8.0_171\lib\jsse.jar;C:\Program Files\Java\jre1.8.0_171\lib\jce.jar;C:\Program Files\Java\jre1.8.0_171\lib\charsets.jar;C:\Program Files\Java\jre1.8.0_171\lib\jfr.jar;C:\Program Files\Java\jre1.8.0_171\lib\ext\access-bridge-64.jar;C:\Program Files\Java\jre1.8.0_171\lib\ext\cldrdata.jar;C:\Program Files\Java\jre1.8.0_171\lib\ext\dnsns.jar;C:\Program Files\Java\jre1.8.0_171\lib\ext\jaccess.jar;C:\Program Files\Java\jre1.8.0_171\lib\ext\jfxrt.jar;C:\Program Files\Java\jre1.8.0_171\lib\ext\localedata.jar;C:\Program Files\Java\jre1.8.0_171\lib\ext\nashorn.jar;C:\Program Files\Java\jre1.8.0_171\lib\ext\sunec.jar;C:\Program Files\Java\jre1.8.0_171\lib\ext\sunjce_provider.jar;C:\Program Files\Java\jre1.8.0_171\lib\ext\sunmscapi.jar;C:\Program Files\Java\jre1.8.0_171\lib\ext\sunpkcs11.jar;C:\Program Files\Java\jre1.8.0_171\lib\ext\zipfs.jar;E:\GitHub\FTJD1801_JavaCore\TranXuanTri\JavaDesktop.Unit1\bin;C:\Users\PC\Downloads\mysql-connector-java-8.0.11.jar
Launcher Type: SUN_STANDARD

Environment Variables:
PATH=C:/Program Files/Java/jre1.8.0_171/bin/server;C:/Program Files/Java/jre1.8.0_171/bin;C:/Program Files/Java/jre1.8.0_171/lib/amd64;C:\Program Files (x86)\Common Files\Oracle\Java\javapath;C:\Windows\system32;C:\Windows;C:\Windows\System32\Wbem;C:\Windows\System32\WindowsPowerShell\v1.0\;C:\Program Files (x86)\NVIDIA Corporation\PhysX\Common;C:\Program Files (x86)\Skype\Phone\;C:\Program Files\MATLAB\R2016a\runtime\win64;C:\Program Files\MATLAB\R2016a\bin;C:\Program Files\MATLAB\R2016a\polyspace\bin;C:\WINDOWS\system32;C:\WINDOWS;C:\WINDOWS\System32\Wbem;C:\WINDOWS\System32\WindowsPowerShell\v1.0\;C:\Program Files\PuTTY\;C:\WINDOWS\System32\OpenSSH\;C:\Users\PC\AppData\Local\Microsoft\WindowsApps;C:\Users\PC\AppData\Local\GitHubDesktop\bin;%USERPROFILE%\AppData\Local\Microsoft\WindowsApps;;C:\Users\PC\Desktop;
USERNAME=PC
OS=Windows_NT
PROCESSOR_IDENTIFIER=Intel64 Family 6 Model 60 Stepping 3, GenuineIntel



---------------  S Y S T E M  ---------------

OS: Windows 10.0 , 64 bit Build 17134 (10.0.17134.1)

CPU:total 8 (initial active 8) (4 cores per cpu, 2 threads per core) family 6 model 60 stepping 3, cmov, cx8, fxsr, mmx, sse, sse2, sse3, ssse3, sse4.1, sse4.2, popcnt, avx, avx2, aes, clmul, erms, lzcnt, ht, tsc, tscinvbit, bmi1, bmi2

Memory: 4k page, physical 8274992k(1637064k free), swap 12469296k(4104k free)

vm_info: Java HotSpot(TM) 64-Bit Server VM (25.171-b11) for windows-amd64 JRE (1.8.0_171-b11), built on Mar 28 2018 16:06:12 by "java_re" with MS VC++ 10.0 (VS2010)

time: Wed Jul 18 20:10:11 2018
elapsed time: 0 seconds (0d 0h 0m 0s)

